<?xml version="1.0" encoding="UTF-8"?>
<!-- Generated by org.testng.reporters.JUnitReportReporter -->
<testsuite hostname="PUSPA" failures="0" tests="1" name="testNGExecution.Sumo" time="8.170" errors="0" timestamp="14 Mar 2024 13:44:30 GMT" skipped="0">
  <testcase classname="testNGExecution.Sumo" name="sumo" time="8.170"/>
</testsuite> <!-- testNGExecution.Sumo -->
