<?xml version="1.0" encoding="UTF-8"?>
<!-- Generated by org.testng.reporters.JUnitReportReporter -->
<testsuite hostname="PUSPA" failures="0" tests="1" name="testNGExecution.Sumo" time="8.771" errors="0" timestamp="13 Mar 2024 14:39:49 GMT" skipped="0">
  <testcase classname="testNGExecution.Sumo" name="sumo" time="8.771"/>
</testsuite> <!-- testNGExecution.Sumo -->
