<?xml version="1.0" encoding="UTF-8"?>
<!-- Generated by org.testng.reporters.JUnitReportReporter -->
<testsuite hostname="PUSPA" failures="0" tests="1" name="TestNGListeners.ValidLogin" time="16.339" errors="0" timestamp="16 Mar 2024 19:28:57 GMT" skipped="0">
  <testcase classname="TestNGListeners.ValidLogin" name="login" time="16.339"/>
</testsuite> <!-- TestNGListeners.ValidLogin -->
