<?xml version="1.0" encoding="UTF-8"?>
<!-- Generated by org.testng.reporters.JUnitReportReporter -->
<testsuite hostname="PUSPA" failures="0" tests="1" name="testNGExecution.TestNGAssertions" time="8.728" errors="0" timestamp="16 Mar 2024 20:03:37 GMT" skipped="0">
  <testcase classname="testNGExecution.TestNGAssertions" name="validLogin" time="8.728"/>
</testsuite> <!-- testNGExecution.TestNGAssertions -->
