<?xml version="1.0" encoding="UTF-8"?>
<!-- Generated by org.testng.reporters.JUnitReportReporter -->
<testsuite hostname="PUSPA" failures="0" tests="3" name="learningTestNG.DependsOnMethods" time="0.020" errors="0" timestamp="12 Mar 2024 14:08:09 GMT" skipped="0">
  <testcase classname="learningTestNG.DependsOnMethods" name="addToCart" time="0.003"/>
  <testcase classname="learningTestNG.DependsOnMethods" name="logout" time="0.002"/>
  <testcase classname="learningTestNG.DependsOnMethods" name="login" time="0.015"/>
</testsuite> <!-- learningTestNG.DependsOnMethods -->
