<?xml version="1.0" encoding="UTF-8"?>
<!-- Generated by org.testng.reporters.JUnitReportReporter -->
<testsuite hostname="PUSPA" failures="0" tests="1" name="testNGExecution.Remo" time="10.205" errors="0" timestamp="13 Mar 2024 14:39:49 GMT" skipped="0">
  <testcase classname="testNGExecution.Remo" name="remo" time="10.205"/>
</testsuite> <!-- testNGExecution.Remo -->
