<?xml version="1.0" encoding="UTF-8"?>
<!-- Generated by org.testng.reporters.JUnitReportReporter -->
<testsuite hostname="PUSPA" failures="0" tests="1" name="testNGExecution.Remo" time="16.686" errors="0" timestamp="15 Mar 2024 13:29:47 GMT" skipped="0">
  <testcase classname="testNGExecution.Remo" name="remo" time="16.686"/>
</testsuite> <!-- testNGExecution.Remo -->
