<?xml version="1.0" encoding="UTF-8"?>
<!-- Generated by org.testng.reporters.JUnitReportReporter -->
<testsuite hostname="PUSPA" failures="0" tests="2" name="testNGExecution.Parameterization" time="24.566" errors="0" timestamp="15 Mar 2024 13:14:08 GMT" skipped="0">
  <testcase classname="testNGExecution.Parameterization" name="validLogin" time="11.165"/>
  <testcase classname="testNGExecution.Parameterization" name="validLogin" time="13.401"/>
</testsuite> <!-- testNGExecution.Parameterization -->
