<?xml version="1.0" encoding="UTF-8"?>
<!-- Generated by org.testng.reporters.JUnitReportReporter -->
<testsuite hostname="PUSPA" failures="0" tests="3" name="learningTestNG.DescriptionFlag" time="0.021" errors="0" timestamp="12 Mar 2024 13:51:58 GMT" skipped="0">
  <testcase classname="learningTestNG.DescriptionFlag" name="login" time="0.010"/>
  <testcase classname="learningTestNG.DescriptionFlag" name="addToCart" time="0.003"/>
  <testcase classname="learningTestNG.DescriptionFlag" name="logout" time="0.008"/>
</testsuite> <!-- learningTestNG.DescriptionFlag -->
