<?xml version="1.0" encoding="UTF-8"?>
<!-- Generated by org.testng.reporters.JUnitReportReporter -->
<testsuite hostname="PUSPA" failures="0" tests="2" name="learningTestNG.EnabledFlag" time="0.010" errors="0" timestamp="12 Mar 2024 13:58:43 GMT" skipped="1">
  <testcase classname="learningTestNG.EnabledFlag" name="logout" time="0.010"/>
  <testcase classname="learningTestNG.EnabledFlag" name="addToCart">
    <skipped/>
  </testcase> <!-- addToCart -->
</testsuite> <!-- learningTestNG.EnabledFlag -->
