<?xml version="1.0" encoding="UTF-8"?>
<!-- Generated by org.testng.reporters.JUnitReportReporter -->
<testsuite hostname="PUSPA" failures="0" tests="7" name="learningTestNG.InvocationCountFlag" time="0.049" errors="0" timestamp="12 Mar 2024 14:01:19 GMT" skipped="0">
  <testcase classname="learningTestNG.InvocationCountFlag" name="login" time="0.015"/>
  <testcase classname="learningTestNG.InvocationCountFlag" name="addToCart" time="0.008"/>
  <testcase classname="learningTestNG.InvocationCountFlag" name="addToCart" time="0.001"/>
  <testcase classname="learningTestNG.InvocationCountFlag" name="addToCart" time="0.005"/>
  <testcase classname="learningTestNG.InvocationCountFlag" name="addToCart" time="0.008"/>
  <testcase classname="learningTestNG.InvocationCountFlag" name="addToCart" time="0.002"/>
  <testcase classname="learningTestNG.InvocationCountFlag" name="logout" time="0.010"/>
</testsuite> <!-- learningTestNG.InvocationCountFlag -->
