<?xml version="1.0" encoding="UTF-8"?>
<!-- Generated by org.testng.reporters.JUnitReportReporter -->
<testsuite hostname="PUSPA" failures="0" tests="1" name="learningTestNG.Annotations" time="0.010" errors="0" timestamp="13 Mar 2024 13:51:14 GMT" skipped="0">
  <testcase classname="learningTestNG.Annotations" name="test1" time="0.010"/>
</testsuite> <!-- learningTestNG.Annotations -->
