<?xml version="1.0" encoding="UTF-8"?>
<!-- Generated by org.testng.reporters.JUnitReportReporter -->
<testsuite hostname="PUSPA" failures="0" tests="3" name="learningTestNG.FirstTestNGClass" time="0.017" errors="0" timestamp="11 Mar 2024 14:37:47 GMT" skipped="0">
  <testcase classname="learningTestNG.FirstTestNGClass" name="login" time="0.011"/>
  <testcase classname="learningTestNG.FirstTestNGClass" name="addToCart" time="0.004"/>
  <testcase classname="learningTestNG.FirstTestNGClass" name="logout" time="0.002"/>
</testsuite> <!-- learningTestNG.FirstTestNGClass -->
